<?xml version="1.0" encoding="UTF-8"?>
<testsuite xmlns:xsi="http://www.w3.org/2001/XMLSchema-instance" xsi:noNamespaceSchemaLocation="https://maven.apache.org/surefire/maven-surefire-plugin/xsd/surefire-test-report.xsd" name="com.hitema.dao.CountryDaoImplTest" time="1.208" tests="2" errors="0" skipped="1" failures="0">
  <properties>
    <property name="java.specification.version" value="17"/>
    <property name="sun.jnu.encoding" value="UTF-8"/>
    <property name="java.class.path" value="/Users/mohamad-alkhatib/Desktop/h3hitema/M1/Java/Correction/jee-hibernate-sakila/target/test-classes:/Users/mohamad-alkhatib/Desktop/h3hitema/M1/Java/Correction/jee-hibernate-sakila/target/classes:/Users/mohamad-alkhatib/.m2/repository/org/hibernate/orm/hibernate-core/6.2.1.Final/hibernate-core-6.2.1.Final.jar:/Users/mohamad-alkhatib/.m2/repository/jakarta/persistence/jakarta.persistence-api/3.1.0/jakarta.persistence-api-3.1.0.jar:/Users/mohamad-alkhatib/.m2/repository/jakarta/transaction/jakarta.transaction-api/2.0.1/jakarta.transaction-api-2.0.1.jar:/Users/mohamad-alkhatib/.m2/repository/org/jboss/logging/jboss-logging/3.5.0.Final/jboss-logging-3.5.0.Final.jar:/Users/mohamad-alkhatib/.m2/repository/org/hibernate/common/hibernate-commons-annotations/6.0.6.Final/hibernate-commons-annotations-6.0.6.Final.jar:/Users/mohamad-alkhatib/.m2/repository/io/smallrye/jandex/3.0.5/jandex-3.0.5.jar:/Users/mohamad-alkhatib/.m2/repository/com/fasterxml/classmate/1.5.1/classmate-1.5.1.jar:/Users/mohamad-alkhatib/.m2/repository/net/bytebuddy/byte-buddy/1.12.18/byte-buddy-1.12.18.jar:/Users/mohamad-alkhatib/.m2/repository/jakarta/xml/bind/jakarta.xml.bind-api/4.0.0/jakarta.xml.bind-api-4.0.0.jar:/Users/mohamad-alkhatib/.m2/repository/jakarta/activation/jakarta.activation-api/2.1.0/jakarta.activation-api-2.1.0.jar:/Users/mohamad-alkhatib/.m2/repository/org/glassfish/jaxb/jaxb-runtime/4.0.2/jaxb-runtime-4.0.2.jar:/Users/mohamad-alkhatib/.m2/repository/org/glassfish/jaxb/jaxb-core/4.0.2/jaxb-core-4.0.2.jar:/Users/mohamad-alkhatib/.m2/repository/org/eclipse/angus/angus-activation/2.0.0/angus-activation-2.0.0.jar:/Users/mohamad-alkhatib/.m2/repository/org/glassfish/jaxb/txw2/4.0.2/txw2-4.0.2.jar:/Users/mohamad-alkhatib/.m2/repository/com/sun/istack/istack-commons-runtime/4.1.1/istack-commons-runtime-4.1.1.jar:/Users/mohamad-alkhatib/.m2/repository/jakarta/inject/jakarta.inject-api/2.0.1/jakarta.inject-api-2.0.1.jar:/Users/mohamad-alkhatib/.m2/repository/org/antlr/antlr4-runtime/4.10.1/antlr4-runtime-4.10.1.jar:/Users/mohamad-alkhatib/.m2/repository/com/mysql/mysql-connector-j/8.0.33/mysql-connector-j-8.0.33.jar:/Users/mohamad-alkhatib/.m2/repository/com/google/protobuf/protobuf-java/3.21.9/protobuf-java-3.21.9.jar:/Users/mohamad-alkhatib/.m2/repository/org/junit/jupiter/junit-jupiter-api/5.4.0/junit-jupiter-api-5.4.0.jar:/Users/mohamad-alkhatib/.m2/repository/org/apiguardian/apiguardian-api/1.0.0/apiguardian-api-1.0.0.jar:/Users/mohamad-alkhatib/.m2/repository/org/opentest4j/opentest4j/1.1.1/opentest4j-1.1.1.jar:/Users/mohamad-alkhatib/.m2/repository/org/junit/platform/junit-platform-commons/1.4.0/junit-platform-commons-1.4.0.jar:/Users/mohamad-alkhatib/.m2/repository/org/junit/jupiter/junit-jupiter-params/5.4.0/junit-jupiter-params-5.4.0.jar:/Users/mohamad-alkhatib/.m2/repository/org/junit/jupiter/junit-jupiter-engine/5.4.0/junit-jupiter-engine-5.4.0.jar:/Users/mohamad-alkhatib/.m2/repository/org/junit/platform/junit-platform-engine/1.4.0/junit-platform-engine-1.4.0.jar:/Users/mohamad-alkhatib/.m2/repository/ch/qos/logback/logback-core/1.4.6/logback-core-1.4.6.jar:/Users/mohamad-alkhatib/.m2/repository/org/slf4j/slf4j-api/2.0.5/slf4j-api-2.0.5.jar:/Users/mohamad-alkhatib/.m2/repository/ch/qos/logback/logback-classic/1.4.6/logback-classic-1.4.6.jar:"/>
    <property name="java.vm.vendor" value="Amazon.com Inc."/>
    <property name="sun.arch.data.model" value="64"/>
    <property name="java.vendor.url" value="https://aws.amazon.com/corretto/"/>
    <property name="os.name" value="Mac OS X"/>
    <property name="java.vm.specification.version" value="17"/>
    <property name="sun.java.launcher" value="SUN_STANDARD"/>
    <property name="user.country" value="FR"/>
    <property name="sun.boot.library.path" value="/Users/mohamad-alkhatib/Library/Java/JavaVirtualMachines/corretto-17.0.7/Contents/Home/lib"/>
    <property name="sun.java.command" value="/Users/mohamad-alkhatib/Desktop/h3hitema/M1/Java/Correction/jee-hibernate-sakila/target/surefire/surefirebooter2215445561293875046.jar /Users/mohamad-alkhatib/Desktop/h3hitema/M1/Java/Correction/jee-hibernate-sakila/target/surefire 2023-04-27T16-24-21_226-jvmRun1 surefire17542749218628493978tmp surefire_05712287248391592209tmp"/>
    <property name="http.nonProxyHosts" value="local|*.local|169.254/16|*.169.254/16"/>
    <property name="jdk.debug" value="release"/>
    <property name="surefire.test.class.path" value="/Users/mohamad-alkhatib/Desktop/h3hitema/M1/Java/Correction/jee-hibernate-sakila/target/test-classes:/Users/mohamad-alkhatib/Desktop/h3hitema/M1/Java/Correction/jee-hibernate-sakila/target/classes:/Users/mohamad-alkhatib/.m2/repository/org/hibernate/orm/hibernate-core/6.2.1.Final/hibernate-core-6.2.1.Final.jar:/Users/mohamad-alkhatib/.m2/repository/jakarta/persistence/jakarta.persistence-api/3.1.0/jakarta.persistence-api-3.1.0.jar:/Users/mohamad-alkhatib/.m2/repository/jakarta/transaction/jakarta.transaction-api/2.0.1/jakarta.transaction-api-2.0.1.jar:/Users/mohamad-alkhatib/.m2/repository/org/jboss/logging/jboss-logging/3.5.0.Final/jboss-logging-3.5.0.Final.jar:/Users/mohamad-alkhatib/.m2/repository/org/hibernate/common/hibernate-commons-annotations/6.0.6.Final/hibernate-commons-annotations-6.0.6.Final.jar:/Users/mohamad-alkhatib/.m2/repository/io/smallrye/jandex/3.0.5/jandex-3.0.5.jar:/Users/mohamad-alkhatib/.m2/repository/com/fasterxml/classmate/1.5.1/classmate-1.5.1.jar:/Users/mohamad-alkhatib/.m2/repository/net/bytebuddy/byte-buddy/1.12.18/byte-buddy-1.12.18.jar:/Users/mohamad-alkhatib/.m2/repository/jakarta/xml/bind/jakarta.xml.bind-api/4.0.0/jakarta.xml.bind-api-4.0.0.jar:/Users/mohamad-alkhatib/.m2/repository/jakarta/activation/jakarta.activation-api/2.1.0/jakarta.activation-api-2.1.0.jar:/Users/mohamad-alkhatib/.m2/repository/org/glassfish/jaxb/jaxb-runtime/4.0.2/jaxb-runtime-4.0.2.jar:/Users/mohamad-alkhatib/.m2/repository/org/glassfish/jaxb/jaxb-core/4.0.2/jaxb-core-4.0.2.jar:/Users/mohamad-alkhatib/.m2/repository/org/eclipse/angus/angus-activation/2.0.0/angus-activation-2.0.0.jar:/Users/mohamad-alkhatib/.m2/repository/org/glassfish/jaxb/txw2/4.0.2/txw2-4.0.2.jar:/Users/mohamad-alkhatib/.m2/repository/com/sun/istack/istack-commons-runtime/4.1.1/istack-commons-runtime-4.1.1.jar:/Users/mohamad-alkhatib/.m2/repository/jakarta/inject/jakarta.inject-api/2.0.1/jakarta.inject-api-2.0.1.jar:/Users/mohamad-alkhatib/.m2/repository/org/antlr/antlr4-runtime/4.10.1/antlr4-runtime-4.10.1.jar:/Users/mohamad-alkhatib/.m2/repository/com/mysql/mysql-connector-j/8.0.33/mysql-connector-j-8.0.33.jar:/Users/mohamad-alkhatib/.m2/repository/com/google/protobuf/protobuf-java/3.21.9/protobuf-java-3.21.9.jar:/Users/mohamad-alkhatib/.m2/repository/org/junit/jupiter/junit-jupiter-api/5.4.0/junit-jupiter-api-5.4.0.jar:/Users/mohamad-alkhatib/.m2/repository/org/apiguardian/apiguardian-api/1.0.0/apiguardian-api-1.0.0.jar:/Users/mohamad-alkhatib/.m2/repository/org/opentest4j/opentest4j/1.1.1/opentest4j-1.1.1.jar:/Users/mohamad-alkhatib/.m2/repository/org/junit/platform/junit-platform-commons/1.4.0/junit-platform-commons-1.4.0.jar:/Users/mohamad-alkhatib/.m2/repository/org/junit/jupiter/junit-jupiter-params/5.4.0/junit-jupiter-params-5.4.0.jar:/Users/mohamad-alkhatib/.m2/repository/org/junit/jupiter/junit-jupiter-engine/5.4.0/junit-jupiter-engine-5.4.0.jar:/Users/mohamad-alkhatib/.m2/repository/org/junit/platform/junit-platform-engine/1.4.0/junit-platform-engine-1.4.0.jar:/Users/mohamad-alkhatib/.m2/repository/ch/qos/logback/logback-core/1.4.6/logback-core-1.4.6.jar:/Users/mohamad-alkhatib/.m2/repository/org/slf4j/slf4j-api/2.0.5/slf4j-api-2.0.5.jar:/Users/mohamad-alkhatib/.m2/repository/ch/qos/logback/logback-classic/1.4.6/logback-classic-1.4.6.jar:"/>
    <property name="sun.cpu.endian" value="little"/>
    <property name="user.home" value="/Users/mohamad-alkhatib"/>
    <property name="user.language" value="fr"/>
    <property name="java.specification.vendor" value="Oracle Corporation"/>
    <property name="java.version.date" value="2023-04-18"/>
    <property name="java.home" value="/Users/mohamad-alkhatib/Library/Java/JavaVirtualMachines/corretto-17.0.7/Contents/Home"/>
    <property name="file.separator" value="/"/>
    <property name="basedir" value="/Users/mohamad-alkhatib/Desktop/h3hitema/M1/Java/Correction/jee-hibernate-sakila"/>
    <property name="java.vm.compressedOopsMode" value="Zero based"/>
    <property name="line.separator" value="&#10;"/>
    <property name="java.vm.specification.vendor" value="Oracle Corporation"/>
    <property name="java.specification.name" value="Java Platform API Specification"/>
    <property name="surefire.real.class.path" value="/Users/mohamad-alkhatib/Desktop/h3hitema/M1/Java/Correction/jee-hibernate-sakila/target/surefire/surefirebooter2215445561293875046.jar"/>
    <property name="sun.management.compiler" value="HotSpot 64-Bit Tiered Compilers"/>
    <property name="ftp.nonProxyHosts" value="local|*.local|169.254/16|*.169.254/16"/>
    <property name="java.runtime.version" value="17.0.7+7-LTS"/>
    <property name="user.name" value="mohamad-alkhatib"/>
    <property name="path.separator" value=":"/>
    <property name="os.version" value="13.3.1"/>
    <property name="java.runtime.name" value="OpenJDK Runtime Environment"/>
    <property name="file.encoding" value="UTF-8"/>
    <property name="java.vm.name" value="OpenJDK 64-Bit Server VM"/>
    <property name="java.vendor.version" value="Corretto-17.0.7.7.1"/>
    <property name="localRepository" value="/Users/mohamad-alkhatib/.m2/repository"/>
    <property name="java.vendor.url.bug" value="https://github.com/corretto/corretto-17/issues/"/>
    <property name="java.io.tmpdir" value="/var/folders/2j/4hpnz4nj4td3m67qrbtdhc000000gn/T/"/>
    <property name="idea.version" value="2023.1"/>
    <property name="java.version" value="17.0.7"/>
    <property name="user.dir" value="/Users/mohamad-alkhatib/Desktop/h3hitema/M1/Java/Correction/jee-hibernate-sakila"/>
    <property name="os.arch" value="aarch64"/>
    <property name="java.vm.specification.name" value="Java Virtual Machine Specification"/>
    <property name="native.encoding" value="UTF-8"/>
    <property name="java.library.path" value="/Users/mohamad-alkhatib/Library/Java/Extensions:/Library/Java/Extensions:/Network/Library/Java/Extensions:/System/Library/Java/Extensions:/usr/lib/java:."/>
    <property name="java.vm.info" value="mixed mode, sharing"/>
    <property name="java.vendor" value="Amazon.com Inc."/>
    <property name="java.vm.version" value="17.0.7+7-LTS"/>
    <property name="sun.io.unicode.encoding" value="UnicodeBig"/>
    <property name="socksNonProxyHosts" value="local|*.local|169.254/16|*.169.254/16"/>
    <property name="java.class.version" value="61.0"/>
  </properties>
  <testcase name="create" classname="com.hitema.dao.CountryDaoImplTest" time="0">
    <skipped message="public void com.hitema.dao.CountryDaoImplTest.create() is @Disabled"/>
    <system-out><![CDATA[16:24:23,313 |-INFO in ch.qos.logback.classic.LoggerContext[default] - This is logback-classic version 1.4.6
16:24:23,329 |-INFO in ch.qos.logback.classic.LoggerContext[default] - Could NOT find resource [logback-test.xml]
16:24:23,331 |-INFO in ch.qos.logback.classic.LoggerContext[default] - Found resource [logback.xml] at [file:/Users/mohamad-alkhatib/Desktop/h3hitema/M1/Java/Correction/jee-hibernate-sakila/target/test-classes/logback.xml]
16:24:23,331 |-WARN in ch.qos.logback.classic.util.DefaultJoranConfigurator@11bd0f3b - Resource [logback.xml] occurs multiple times on the classpath.
16:24:23,332 |-WARN in ch.qos.logback.classic.util.DefaultJoranConfigurator@11bd0f3b - Resource [logback.xml] occurs at [file:/Users/mohamad-alkhatib/Desktop/h3hitema/M1/Java/Correction/jee-hibernate-sakila/target/classes/logback.xml]
16:24:23,332 |-WARN in ch.qos.logback.classic.util.DefaultJoranConfigurator@11bd0f3b - Resource [logback.xml] occurs at [file:/Users/mohamad-alkhatib/Desktop/h3hitema/M1/Java/Correction/jee-hibernate-sakila/target/test-classes/logback.xml]
16:24:23,395 |-INFO in ch.qos.logback.core.model.processor.AppenderModelHandler - Processing appender named [STDOUT]
16:24:23,395 |-INFO in ch.qos.logback.core.model.processor.AppenderModelHandler - About to instantiate appender of type [ch.qos.logback.core.ConsoleAppender]
16:24:23,398 |-INFO in ch.qos.logback.core.model.processor.ImplicitModelHandler - Assuming default type [ch.qos.logback.classic.encoder.PatternLayoutEncoder] for [encoder] property
16:24:23,426 |-INFO in ch.qos.logback.classic.model.processor.RootLoggerModelHandler - Setting level of ROOT logger to INFO
16:24:23,426 |-INFO in ch.qos.logback.core.model.processor.AppenderRefModelHandler - Attaching appender named [STDOUT] to Logger[ROOT]
16:24:23,427 |-INFO in ch.qos.logback.classic.model.processor.LoggerModelHandler - Setting level of logger [com.hitema] to TRACE
16:24:23,427 |-INFO in ch.qos.logback.core.model.processor.DefaultProcessor@c333c60 - End of configuration.
16:24:23,428 |-INFO in ch.qos.logback.classic.joran.JoranConfigurator@79da8dc5 - Registering current configuration as safe fallback point

]]></system-out>
  </testcase>
  <testcase name="read" classname="com.hitema.dao.CountryDaoImplTest" time="1.076"/>
</testsuite>